0 verbose cli [ '/usr/bin/node', '/usr/local/bin/npm', 'run', 'serve' ]
1 info using npm@8.1.3
2 info using node@v12.22.7
3 timing npm:load:whichnode Completed in 0ms
4 timing config:load:defaults Completed in 1ms
5 timing config:load:file:/usr/local/lib/node_modules/npm/npmrc Completed in 92ms
6 timing config:load:builtin Completed in 92ms
7 timing config:load:cli Completed in 1ms
8 timing config:load:env Completed in 1ms
9 timing config:load:file:/var/www/html/sistemaaluga/.npmrc Completed in 0ms
10 timing config:load:project Completed in 1ms
11 timing config:load:file:/home/jonatas/.npmrc Completed in 22ms
12 timing config:load:user Completed in 22ms
13 timing config:load:file:/etc/npmrc Completed in 19ms
14 timing config:load:global Completed in 19ms
15 timing config:load:validate Completed in 1ms
16 timing config:load:credentials Completed in 21ms
17 timing config:load:setEnvs Completed in 1ms
18 timing config:load Completed in 160ms
19 timing npm:load:configload Completed in 160ms
20 timing npm:load:setTitle Completed in 0ms
21 timing npm:load:setupLog Completed in 0ms
22 timing config:load:flatten Completed in 3ms
23 timing npm:load:cleanupLog Completed in 3ms
24 timing npm:load:configScope Completed in 0ms
25 timing npm:load:projectScope Completed in 0ms
26 timing npm:load Completed in 168ms
27 timing command:run Completed in 51ms
28 verbose stack Error: ENOENT: no such file or directory, open '/var/www/html/sistemaaluga/package.json'
29 verbose cwd /var/www/html/sistemaaluga
30 verbose Linux 5.11.0-43-generic
31 verbose argv "/usr/bin/node" "/usr/local/bin/npm" "run" "serve"
32 verbose node v12.22.7
33 verbose npm  v8.1.3
34 error code ENOENT
35 error syscall open
36 error path /var/www/html/sistemaaluga/package.json
37 error errno -2
38 error enoent ENOENT: no such file or directory, open '/var/www/html/sistemaaluga/package.json'
39 error enoent This is related to npm not being able to find a file.
40 verbose exit -2
