0 verbose cli [ '/usr/bin/node', '/usr/local/bin/npm', 'run', 'serve' ]
1 info using npm@8.1.3
2 info using node@v12.22.9
3 timing npm:load:whichnode Completed in 0ms
4 timing config:load:defaults Completed in 4ms
5 timing config:load:file:/usr/local/lib/node_modules/npm/npmrc Completed in 175ms
6 timing config:load:builtin Completed in 175ms
7 timing config:load:cli Completed in 5ms
8 timing config:load:env Completed in 1ms
9 timing config:load:file:/var/www/html/sistemaaluga/.npmrc Completed in 0ms
10 timing config:load:project Completed in 3ms
11 timing config:load:file:/home/jonatas/.npmrc Completed in 30ms
12 timing config:load:user Completed in 30ms
13 timing config:load:file:/etc/npmrc Completed in 51ms
14 timing config:load:global Completed in 52ms
15 timing config:load:validate Completed in 2ms
16 timing config:load:credentials Completed in 32ms
17 timing config:load:setEnvs Completed in 3ms
18 timing config:load Completed in 308ms
19 timing npm:load:configload Completed in 309ms
20 timing npm:load:setTitle Completed in 1ms
21 timing npm:load:setupLog Completed in 1ms
22 timing config:load:flatten Completed in 8ms
23 timing npm:load:cleanupLog Completed in 7ms
24 timing npm:load:configScope Completed in 0ms
25 timing npm:load:projectScope Completed in 1ms
26 timing npm:load Completed in 331ms
27 timing command:run Completed in 56ms
28 verbose stack Error: ENOENT: no such file or directory, open '/var/www/html/sistemaaluga/package.json'
29 verbose cwd /var/www/html/sistemaaluga
30 verbose Linux 5.13.0-28-generic
31 verbose argv "/usr/bin/node" "/usr/local/bin/npm" "run" "serve"
32 verbose node v12.22.9
33 verbose npm  v8.1.3
34 error code ENOENT
35 error syscall open
36 error path /var/www/html/sistemaaluga/package.json
37 error errno -2
38 error enoent ENOENT: no such file or directory, open '/var/www/html/sistemaaluga/package.json'
39 error enoent This is related to npm not being able to find a file.
40 verbose exit -2
